[debug] [2017-12-14T04:48:40.814Z] ----------------------------------------------------------------------
[debug] [2017-12-14T04:48:40.814Z] Command:       C:\Program Files\nodejs\node.exe C:\Users\Ajay\AppData\Roaming\npm\node_modules\firebase-tools\bin\firebase deploy --only functions
[debug] [2017-12-14T04:48:40.814Z] CLI Version:   3.16.0
[debug] [2017-12-14T04:48:40.814Z] Platform:      win32
[debug] [2017-12-14T04:48:40.814Z] Node Version:  v8.9.0
[debug] [2017-12-14T04:48:40.814Z] Time:          Thu Dec 14 2017 10:18:40 GMT+0530 (India Standard Time)
[debug] [2017-12-14T04:48:40.814Z] ----------------------------------------------------------------------
[debug] 
[debug] [2017-12-14T04:48:40.861Z] > command requires scopes: ["email","openid","https://www.googleapis.com/auth/cloudplatformprojects.readonly","https://www.googleapis.com/auth/firebase","https://www.googleapis.com/auth/cloud-platform"]
[debug] [2017-12-14T04:48:40.861Z] > authorizing via signed-in user
[debug] [2017-12-14T04:48:40.861Z] >>> HTTP REQUEST GET https://admin.firebase.com/v1/projects/autorepair-1510293342488  
  
 Thu Dec 14 2017 10:18:40 GMT+0530 (India Standard Time)
[debug] [2017-12-14T04:48:42.209Z] <<< HTTP RESPONSE 200
[debug] [2017-12-14T04:48:42.209Z] >>> HTTP REQUEST GET https://admin.firebase.com/v1/database/autorepair-1510293342488/tokens  
  
 Thu Dec 14 2017 10:18:42 GMT+0530 (India Standard Time)
[debug] [2017-12-14T04:48:43.185Z] <<< HTTP RESPONSE 200
[info] 
[info] === Deploying to 'autorepair-1510293342488'...
[info] 
[info] i  deploying functions
[debug] [2017-12-14T04:48:44.675Z] > [functions] package.json contents: {
  "name": "functions",
  "description": "Cloud Functions for Firebase",
  "scripts": {
    "serve": "firebase serve --only functions",
    "shell": "firebase experimental:functions:shell",
    "start": "npm run shell",
    "deploy": "firebase deploy --only functions",
    "logs": "firebase functions:log"
  },
  "dependencies": {
    "firebase-admin": "~5.4.2",
    "firebase-functions": "^0.7.1"
  },
  "private": true
}
[info] i  functions: ensuring necessary APIs are enabled...
[debug] [2017-12-14T04:48:44.675Z] >>> HTTP REQUEST GET https://servicemanagement.googleapis.com/v1/services/cloudfunctions.googleapis.com/projectSettings/autorepair-1510293342488?view=CONSUMER_VIEW  
  
 Thu Dec 14 2017 10:18:44 GMT+0530 (India Standard Time)
[debug] [2017-12-14T04:48:44.675Z] >>> HTTP REQUEST GET https://servicemanagement.googleapis.com/v1/services/runtimeconfig.googleapis.com/projectSettings/autorepair-1510293342488?view=CONSUMER_VIEW  
  
 Thu Dec 14 2017 10:18:44 GMT+0530 (India Standard Time)
[debug] [2017-12-14T04:48:46.696Z] <<< HTTP RESPONSE 200
[debug] [2017-12-14T04:48:46.696Z] <<< HTTP RESPONSE 200
[info] +  functions: all necessary APIs are enabled
[debug] [2017-12-14T04:48:46.696Z] >>> HTTP REQUEST GET https://appengine.googleapis.com/v1/apps/autorepair-1510293342488  
  
 Thu Dec 14 2017 10:18:46 GMT+0530 (India Standard Time)
[debug] [2017-12-14T04:48:46.696Z] >>> HTTP REQUEST GET https://apikeys.googleapis.com/v1/projects/autorepair-1510293342488/apiKeys  
  
 Thu Dec 14 2017 10:18:46 GMT+0530 (India Standard Time)
[debug] [2017-12-14T04:48:48.359Z] <<< HTTP RESPONSE 200
[debug] [2017-12-14T04:48:48.484Z] <<< HTTP RESPONSE 200
